{"level":"info","message":"Oct-01, 2021 - 3:24 pm >> Congratulations, the server is running!"}
{"level":"info","message":"Oct-01, 2021 - 3:24 pm >> Congratulations, the server is running!"}
{"level":"info","message":"Oct-01, 2021 - 3:55 pm >> Congratulations, the server is running!"}
{"level":"info","message":"Oct-01, 2021 - 3:55 pm >> Congratulations, the server is running!"}
{"level":"info","message":"Oct-01, 2021 - 3:55 pm >> Congratulations, the server is running!"}
{"level":"info","message":"Oct-01, 2021 - 3:57 pm >> Congratulations, the server is running!"}
{"level":"info","message":"Oct-01, 2021 - 3:57 pm >> Congratulations, the server is running!"}
{"level":"info","message":"Oct-01, 2021 - 3:57 pm >> Congratulations, the server is running!"}
{"level":"error","message":"Oct-01, 2021 - 4:25 pm >> [object Object]"}
{"level":"error","message":"Oct-01, 2021 - 4:28 pm >> error is happeneing 832wka3###%"}
{"level":"error","message":"Oct-01, 2021 - 4:47 pm >> Undefined binding(s) detected when compiling FIRST. Undefined column(s): [username] query: select * from \"person\" where \"username\" = ? limit ?"}
{"level":"error","message":"Oct-01, 2021 - 4:49 pm >> user is not defined"}
{"level":"error","message":"Oct-01, 2021 - 4:49 pm >> user is not defined"}
{"level":"error","message":"Oct-01, 2021 - 4:49 pm >> user is not defined"}
{"level":"error","message":"Oct-01, 2021 - 4:55 pm >> roy already exists in the database"}
{"level":"error","message":"Oct-01, 2021 - 4:56 pm >> Undefined binding(s) detected when compiling FIRST. Undefined column(s): [username] query: select * from \"person\" where \"username\" = ? limit ?"}
{"level":"error","message":"Oct-01, 2021 - 4:58 pm >> no request body - enter a request body with username and password"}
{"level":"error","message":"Oct-01, 2021 - 6:57 pm >> missing username in request body"}
{"level":"error","message":"Oct-01, 2021 - 6:58 pm >> \"roy\" already exists in the database"}
{"level":"error","message":"Oct-01, 2021 - 6:58 pm >> \"roy\" already exists in the database"}
{"level":"error","message":"Oct-01, 2021 - 6:58 pm >> missing username in request body"}
{"level":"error","message":"Oct-01, 2021 - 6:58 pm >> \"roy\" already exists in the database"}
{"level":"error","message":"Oct-01, 2021 - 6:59 pm >> \"roy\" already exists in the database"}
{"level":"error","message":"Oct-01, 2021 - 7:0 pm >> missing username in request body"}
{"level":"error","message":"Oct-01, 2021 - 7:31 pm >> \"roy\" already exists in the database"}
{"level":"error","message":"Oct-01, 2021 - 7:33 pm >> \"roy\" already exists in the database"}
{"level":"error","message":"Oct-01, 2021 - 7:34 pm >> \"roy\" already exists in the database"}
{"level":"error","message":"Oct-01, 2021 - 7:34 pm >> \"roy\" already exists in the database"}
{"level":"error","message":"Oct-01, 2021 - 7:39 pm >> \"roy\" already exists in the database"}
{"level":"error","message":"Oct-01, 2021 - 7:39 pm >> bcrypt is not defined"}
{"level":"error","message":"Oct-01, 2021 - 7:47 pm >> \"ted\" already exists in the database"}
{"level":"error","message":"Oct-01, 2021 - 7:52 pm >> \"mark\" already exists in the database"}
{"level":"error","message":"Oct-01, 2021 - 7:53 pm >> salt is not a function"}
{"level":"error","message":"Oct-01, 2021 - 8:5 pm >> \"larry\" already exists in the database"}
{"level":"error","message":"Oct-01, 2021 - 8:13 pm >> \"frank\" already exists in the database"}
{"level":"error","message":"Oct-01, 2021 - 11:43 pm >> \"roger\" already exists in the database"}
{"level":"error","message":"Oct-02, 2021 - 9:26 am >> \"sarah\" already exists in the database"}
{"level":"error","message":"Oct-02, 2021 - 9:27 am >> \"logan\" already exists in the database"}
{"level":"error","message":"Oct-02, 2021 - 9:40 am >> missing username in request body"}
{"level":"error","message":"Oct-02, 2021 - 10:8 am >> data is not defined"}
{"level":"error","message":"Oct-02, 2021 - 10:10 am >> Incorrect username or password. Cannot login."}
{"level":"error","message":"Oct-02, 2021 - 10:29 am >> Incorrect username or password. Cannot login."}
{"level":"error","message":"Oct-02, 2021 - 10:58 am >> Incorrect username or password. Cannot login."}
{"level":"error","message":"Oct-02, 2021 - 10:58 am >> Incorrect username or password. Cannot login."}
{"level":"error","message":"Oct-02, 2021 - 11:1 am >> Cannot access 'token' before initialization"}
{"level":"error","message":"Oct-02, 2021 - 11:1 am >> Cannot access 'token' before initialization"}
{"level":"error","message":"Oct-02, 2021 - 11:20 am >> Incorrect username or password. Cannot login."}
{"level":"error","message":"Oct-02, 2021 - 11:21 am >> \"\" already exists in the database"}
{"level":"error","message":"Oct-02, 2021 - 11:33 am >> email is not defined"}
{"level":"error","message":"Oct-02, 2021 - 12:49 pm >> Cannot access 'user' before initialization"}
{"level":"error","message":"Oct-02, 2021 - 4:49 pm >> \"kevin\" already exists in the database"}
{"level":"error","message":"Oct-02, 2021 - 5:27 pm >> Missing Credentials"}
{"level":"error","message":"Oct-02, 2021 - 5:27 pm >> Missing Credentials"}
{"level":"error","message":"Oct-02, 2021 - 5:28 pm >> Missing Credentials"}
{"level":"error","message":"Oct-02, 2021 - 5:40 pm >> Missing Credentials"}
{"level":"error","message":"Oct-02, 2021 - 5:42 pm >> Missing Credentials"}
{"level":"error","message":"Oct-02, 2021 - 5:43 pm >> Missing Credentials"}
{"level":"error","message":"Oct-02, 2021 - 5:43 pm >> Missing Credentials"}
{"level":"error","message":"Oct-02, 2021 - 5:44 pm >> Missing Credentials"}
{"level":"error","message":"Oct-02, 2021 - 5:44 pm >> Missing Credentials"}
{"level":"error","message":"Oct-02, 2021 - 5:46 pm >> Missing Credentials"}
{"level":"error","message":"Oct-02, 2021 - 5:46 pm >> Missing Credentials"}
{"level":"error","message":"Oct-02, 2021 - 5:46 pm >> Missing Credentials"}
{"level":"error","message":"Oct-02, 2021 - 5:49 pm >> Missing Credentials"}
{"level":"error","message":"Oct-02, 2021 - 5:51 pm >> Missing Credentials"}
{"level":"error","message":"Oct-02, 2021 - 5:51 pm >> Missing Credentials"}
{"level":"error","message":"Oct-02, 2021 - 9:35 pm >> Incorrect username or password. Cannot login."}
{"level":"error","message":"Oct-02, 2021 - 9:36 pm >> Incorrect username or password. Cannot login."}
{"level":"error","message":"Oct-02, 2021 - 9:44 pm >> Incorrect username or password. Cannot login."}
{"level":"error","message":"Oct-02, 2021 - 9:45 pm >> Missing Credentials"}
{"level":"error","message":"Oct-02, 2021 - 9:45 pm >> Missing Credentials"}
{"level":"error","message":"Oct-02, 2021 - 9:45 pm >> Missing Credentials"}
{"level":"error","message":"Oct-02, 2021 - 9:45 pm >> Missing Credentials"}
{"level":"error","message":"Oct-02, 2021 - 9:45 pm >> Missing Credentials"}
{"level":"error","message":"Oct-02, 2021 - 9:45 pm >> Missing Credentials"}
{"level":"error","message":"Oct-02, 2021 - 9:45 pm >> Missing Credentials"}
{"level":"error","message":"Oct-02, 2021 - 9:45 pm >> Missing Credentials"}
{"level":"error","message":"Oct-02, 2021 - 9:47 pm >> Missing Credentials"}
{"level":"error","message":"Oct-02, 2021 - 9:48 pm >> Missing Credentials"}
{"level":"error","message":"Oct-02, 2021 - 9:48 pm >> Missing Credentials"}
{"level":"error","message":"Oct-02, 2021 - 9:48 pm >> Missing Credentials"}
{"level":"error","message":"Oct-02, 2021 - 9:49 pm >> Missing Credentials"}
{"level":"error","message":"Oct-02, 2021 - 9:49 pm >> Missing Credentials"}
{"level":"error","message":"Oct-02, 2021 - 9:49 pm >> Missing Credentials"}
{"level":"error","message":"Oct-02, 2021 - 9:49 pm >> Missing Credentials"}
{"level":"error","message":"Oct-02, 2021 - 9:50 pm >> Missing Credentials"}
{"level":"error","message":"Oct-02, 2021 - 9:50 pm >> Missing Credentials"}
{"level":"error","message":"Oct-02, 2021 - 9:50 pm >> Missing Credentials"}
{"level":"error","message":"Oct-02, 2021 - 9:50 pm >> Missing Credentials"}
{"level":"error","message":"Oct-02, 2021 - 9:50 pm >> Missing Credentials"}
{"level":"error","message":"Oct-02, 2021 - 9:50 pm >> Missing Credentials"}
{"level":"error","message":"Oct-02, 2021 - 9:50 pm >> Missing Credentials"}
{"level":"error","message":"Oct-02, 2021 - 9:50 pm >> Missing Credentials"}
{"level":"error","message":"Oct-02, 2021 - 9:50 pm >> Missing Credentials"}
{"level":"error","message":"Oct-02, 2021 - 9:50 pm >> Missing Credentials"}
{"level":"error","message":"Oct-02, 2021 - 9:51 pm >> Incorrect username or password. Cannot login."}
{"level":"error","message":"Oct-02, 2021 - 9:52 pm >> Incorrect username or password. Cannot login."}
{"level":"error","message":"Oct-02, 2021 - 9:52 pm >> \"henry\" already exists in the database"}
{"level":"error","message":"Oct-02, 2021 - 9:53 pm >> Missing Credentials"}
{"level":"error","message":"Oct-02, 2021 - 10:02 pm >> Missing Credentials"}
{"level":"error","message":"Oct-02, 2021 - 10:22 pm >> Missing Credentials"}
{"level":"error","message":"Oct-02, 2021 - 10:23 pm >> \"james\" already exists in the database"}
{"level":"error","message":"Oct-02, 2021 - 10:24 pm >> Incorrect username or password. Cannot login."}
{"level":"error","message":"Oct-03, 2021 - 9:32 am >> Missing Credentials"}
{"level":"error","message":"Oct-03, 2021 - 9:46 am >> \"james\" already exists in the database"}
{"level":"error","message":"Oct-03, 2021 - 9:46 am >> Incorrect username or password. Cannot login."}
{"level":"error","message":"Oct-03, 2021 - 9:48 am >> \"james\" already exists in the database"}
{"level":"error","message":"Oct-03, 2021 - 11:21 am >> Incorrect username or password. Cannot login."}
{"level":"error","message":"Oct-03, 2021 - 2:57 pm >> Missing Credentials"}
{"level":"error","message":"Oct-03, 2021 - 2:59 pm >> Incorrect username or password. Cannot login."}
{"level":"error","message":"Oct-03, 2021 - 2:59 pm >> Incorrect username or password. Cannot login."}
{"level":"error","message":"Oct-03, 2021 - 3:00 pm >> Incorrect username or password. Cannot login."}
{"level":"error","message":"Oct-03, 2021 - 5:27 pm >> \"subject\" must be a string"}
{"level":"error","message":"Oct-03, 2021 - 5:29 pm >> Cannot read property 'user_uid' of undefined"}
{"level":"error","message":"Oct-03, 2021 - 5:31 pm >> Cannot read property 'user_uid' of undefined"}
{"level":"error","message":"Oct-03, 2021 - 5:47 pm >> Missing Credentials"}
{"level":"error","message":"Oct-03, 2021 - 5:58 pm >> Missing Credentials"}
{"level":"error","message":"Oct-03, 2021 - 6:04 pm >> Missing Credentials"}
{"level":"error","message":"Oct-03, 2021 - 6:04 pm >> Incorrect username or password. Cannot login."}
{"level":"error","message":"Oct-03, 2021 - 6:04 pm >> Incorrect username or password. Cannot login."}
{"level":"error","message":"Oct-03, 2021 - 6:05 pm >> Missing Credentials"}
{"level":"error","message":"Oct-03, 2021 - 6:14 pm >> Missing Credentials"}
{"level":"error","message":"Oct-03, 2021 - 9:54 pm >> Missing Credentials"}
{"level":"error","message":"Oct-03, 2021 - 10:10 pm >> Missing Credentials"}
{"level":"error","message":"Oct-03, 2021 - 10:13 pm >> Incorrect username or password. Cannot login."}
{"level":"error","message":"Oct-03, 2021 - 10:14 pm >> Missing Credentials"}
{"level":"error","message":"Oct-03, 2021 - 10:16 pm >> Missing Credentials"}
{"level":"error","message":"Oct-03, 2021 - 11:00 pm >> Incorrect username or password. Cannot login."}
{"level":"error","message":"Oct-03, 2021 - 11:59 pm >> Missing Credentials"}
{"level":"error","message":"Oct-04, 2021 - 12:01 am >> Missing Credentials"}
{"level":"error","message":"Oct-04, 2021 - 12:02 am >> Missing Credentials"}
{"level":"error","message":"Oct-04, 2021 - 12:08 am >> Incorrect username or password. Cannot login."}
{"level":"error","message":"Oct-04, 2021 - 12:14 am >> select \"username\" from \"person\" where \"user_uid\" = $1 limit $2 - invalid input syntax for type uuid: \"{\"username\":\"james\",\"user_uid\":\"dfdeeb3c-667b-4b4b-896b-527754159875\"}\""}
{"level":"error","message":"Oct-04, 2021 - 12:16 am >> select \"username\" from \"person\" where \"user_uid\" = $1 limit $2 - invalid input syntax for type uuid: \"{\"username\":\"james\",\"user_uid\":\"dfdeeb3c-667b-4b4b-896b-527754159875\"}\""}
{"level":"error","message":"Oct-04, 2021 - 12:16 am >> select \"username\" from \"person\" where \"user_uid\" = $1 limit $2 - invalid input syntax for type uuid: \"{\"username\":\"james\",\"user_uid\":\"dfdeeb3c-667b-4b4b-896b-527754159875\"}\""}
{"level":"error","message":"Oct-04, 2021 - 12:16 am >> select \"username\" from \"person\" where \"user_uid\" = $1 limit $2 - invalid input syntax for type uuid: \"{\"username\":\"james\",\"user_uid\":\"dfdeeb3c-667b-4b4b-896b-527754159875\"}\""}
{"level":"error","message":"Oct-04, 2021 - 12:16 am >> select \"username\" from \"person\" where \"user_uid\" = $1 limit $2 - invalid input syntax for type uuid: \"{\"username\":\"james\",\"user_uid\":\"dfdeeb3c-667b-4b4b-896b-527754159875\"}\""}
{"level":"error","message":"Oct-04, 2021 - 12:21 am >> select \"username\" from \"person\" where \"user_uid\" = $1 limit $2 - invalid input syntax for type uuid: \"{\"username\":\"james\",\"user_uid\":\"dfdeeb3c-667b-4b4b-896b-527754159875\"}\""}
{"level":"error","message":"Oct-04, 2021 - 12:23 am >> select \"username\" from \"person\" where \"user_uid\" = $1 limit $2 - invalid input syntax for type uuid: \"{\"username\":\"james\",\"user_uid\":\"dfdeeb3c-667b-4b4b-896b-527754159875\"}\""}
{"level":"error","message":"Oct-04, 2021 - 12:26 am >> select \"username\" from \"person\" where \"user_uid\" = $1 limit $2 - invalid input syntax for type uuid: \"{\"username\":\"james\",\"user_uid\":\"dfdeeb3c-667b-4b4b-896b-527754159875\"}\""}
{"level":"error","message":"Oct-04, 2021 - 12:26 am >> select \"username\" from \"person\" where \"user_uid\" = $1 limit $2 - invalid input syntax for type uuid: \"{\"username\":\"james\",\"user_uid\":\"dfdeeb3c-667b-4b4b-896b-527754159875\"}\""}
{"level":"error","message":"Oct-04, 2021 - 1:30 am >> select \"username\" from \"person\" where \"user_uid\" = $1 limit $2 - invalid input syntax for type uuid: \"{\"username\":\"james\",\"user_uid\":\"dfdeeb3c-667b-4b4b-896b-527754159875\"}\""}
{"level":"error","message":"Oct-04, 2021 - 1:32 am >> select \"username\" from \"person\" where \"user_uid\" = $1 limit $2 - invalid input syntax for type uuid: \"{\"username\":\"james\",\"user_uid\":\"dfdeeb3c-667b-4b4b-896b-527754159875\"}\""}
{"level":"error","message":"Oct-04, 2021 - 1:33 am >> select \"username\" from \"person\" where \"user_uid\" = $1 limit $2 - invalid input syntax for type uuid: \"{\"username\":\"james\",\"user_uid\":\"dfdeeb3c-667b-4b4b-896b-527754159875\"}\""}
{"level":"error","message":"Oct-04, 2021 - 1:34 am >> select \"username\" from \"person\" where \"user_uid\" = $1 limit $2 - invalid input syntax for type uuid: \"{\"username\":\"james\",\"user_uid\":\"dfdeeb3c-667b-4b4b-896b-527754159875\"}\""}
{"level":"error","message":"Oct-04, 2021 - 1:34 am >> select \"username\" from \"person\" where \"user_uid\" = $1 limit $2 - invalid input syntax for type uuid: \"{\"username\":\"james\",\"user_uid\":\"dfdeeb3c-667b-4b4b-896b-527754159875\"}\""}
{"level":"error","message":"Oct-04, 2021 - 1:34 am >> select \"username\" from \"person\" where \"user_uid\" = $1 limit $2 - invalid input syntax for type uuid: \"{\"username\":\"james\",\"user_uid\":\"dfdeeb3c-667b-4b4b-896b-527754159875\"}\""}
{"level":"error","message":"Oct-04, 2021 - 1:34 am >> select \"username\" from \"person\" where \"user_uid\" = $1 limit $2 - invalid input syntax for type uuid: \"{\"username\":\"james\",\"user_uid\":\"dfdeeb3c-667b-4b4b-896b-527754159875\"}\""}
{"level":"error","message":"Oct-04, 2021 - 1:35 am >> select \"username\" from \"person\" where \"user_uid\" = $1 limit $2 - invalid input syntax for type uuid: \"{\"username\":\"james\",\"user_uid\":\"dfdeeb3c-667b-4b4b-896b-527754159875\"}\""}
{"level":"error","message":"Oct-04, 2021 - 1:36 am >> select \"username\" from \"person\" where \"user_uid\" = $1 limit $2 - invalid input syntax for type uuid: \"{\"username\":\"james\",\"user_uid\":\"dfdeeb3c-667b-4b4b-896b-527754159875\"}\""}
{"level":"error","message":"Oct-04, 2021 - 1:39 am >> select \"username\" from \"person\" where \"user_uid\" = $1 limit $2 - invalid input syntax for type uuid: \"{\"username\":\"james\",\"user_uid\":\"dfdeeb3c-667b-4b4b-896b-527754159875\"}\""}
{"level":"error","message":"Oct-04, 2021 - 1:40 am >> Undefined binding(s) detected when compiling FIRST. Undefined column(s): [user_uid] query: select \"username\" from \"person\" where \"user_uid\" = ? limit ?"}
{"level":"error","message":"Oct-04, 2021 - 1:41 am >> Incorrect username or password. Cannot login."}
{"level":"error","message":"Oct-04, 2021 - 1:41 am >> Undefined binding(s) detected when compiling FIRST. Undefined column(s): [user_uid] query: select \"username\" from \"person\" where \"user_uid\" = ? limit ?"}
{"level":"error","message":"Oct-04, 2021 - 1:43 am >> Undefined binding(s) detected when compiling FIRST. Undefined column(s): [user_uid] query: select \"username\" from \"person\" where \"user_uid\" = ? limit ?"}
{"level":"error","message":"Oct-04, 2021 - 1:44 am >> Undefined binding(s) detected when compiling FIRST. Undefined column(s): [user_uid] query: select \"username\" from \"person\" where \"user_uid\" = ? limit ?"}
{"level":"error","message":"Oct-04, 2021 - 1:44 am >> Undefined binding(s) detected when compiling FIRST. Undefined column(s): [user_uid] query: select \"username\" from \"person\" where \"user_uid\" = ? limit ?"}
{"level":"error","message":"Oct-04, 2021 - 1:44 am >> Undefined binding(s) detected when compiling FIRST. Undefined column(s): [user_uid] query: select \"username\" from \"person\" where \"user_uid\" = ? limit ?"}
{"level":"error","message":"Oct-04, 2021 - 1:44 am >> Undefined binding(s) detected when compiling FIRST. Undefined column(s): [user_uid] query: select \"username\" from \"person\" where \"user_uid\" = ? limit ?"}
{"level":"error","message":"Oct-04, 2021 - 1:44 am >> Undefined binding(s) detected when compiling FIRST. Undefined column(s): [user_uid] query: select \"username\" from \"person\" where \"user_uid\" = ? limit ?"}
{"level":"error","message":"Oct-04, 2021 - 1:44 am >> Undefined binding(s) detected when compiling FIRST. Undefined column(s): [user_uid] query: select \"username\" from \"person\" where \"user_uid\" = ? limit ?"}
{"level":"error","message":"Oct-04, 2021 - 1:44 am >> Undefined binding(s) detected when compiling FIRST. Undefined column(s): [user_uid] query: select \"username\" from \"person\" where \"user_uid\" = ? limit ?"}
{"level":"error","message":"Oct-04, 2021 - 1:44 am >> Undefined binding(s) detected when compiling FIRST. Undefined column(s): [user_uid] query: select \"username\" from \"person\" where \"user_uid\" = ? limit ?"}
{"level":"error","message":"Oct-04, 2021 - 1:44 am >> Undefined binding(s) detected when compiling FIRST. Undefined column(s): [user_uid] query: select \"username\" from \"person\" where \"user_uid\" = ? limit ?"}
{"level":"error","message":"Oct-04, 2021 - 1:45 am >> Undefined binding(s) detected when compiling FIRST. Undefined column(s): [user_uid] query: select \"username\" from \"person\" where \"user_uid\" = ? limit ?"}
{"level":"error","message":"Oct-04, 2021 - 1:46 am >> Undefined binding(s) detected when compiling FIRST. Undefined column(s): [user_uid] query: select \"username\" from \"person\" where \"user_uid\" = ? limit ?"}
{"level":"error","message":"Oct-04, 2021 - 1:47 am >> Undefined binding(s) detected when compiling FIRST. Undefined column(s): [user_uid] query: select \"username\" from \"person\" where \"user_uid\" = ? limit ?"}
{"level":"error","message":"Oct-04, 2021 - 1:48 am >> user is not defined"}
{"level":"error","message":"Oct-04, 2021 - 1:50 am >> token is not defined"}
{"level":"error","message":"Oct-04, 2021 - 1:51 am >> Missing Credentials"}
{"level":"error","message":"Oct-04, 2021 - 1:52 am >> Missing Credentials"}
{"level":"error","message":"Oct-04, 2021 - 2:49 am >> \"henry\" already exists in the database"}
{"level":"error","message":"Oct-04, 2021 - 2:50 am >> \"james\" already exists in the database"}
{"level":"error","message":"Oct-04, 2021 - 2:51 am >> \"james\" already exists in the database"}
{"level":"error","message":"Oct-04, 2021 - 2:52 am >> \"james\" already exists in the database"}
{"level":"error","message":"Oct-04, 2021 - 2:52 am >> \"james\" already exists in the database"}
{"level":"error","message":"Oct-04, 2021 - 2:52 am >> \"james\" already exists in the database"}
{"level":"error","message":"Oct-04, 2021 - 2:54 am >> \"james\" already exists in the database"}
{"level":"error","message":"Oct-04, 2021 - 2:57 am >> \"becky\" already exists in the database"}
{"level":"error","message":"Oct-04, 2021 - 2:58 am >> \"james\" already exists in the database"}
{"level":"error","message":"Oct-04, 2021 - 2:58 am >> \"james\" already exists in the database"}
{"level":"error","message":"Oct-04, 2021 - 2:59 am >> \"james\" already exists in the database"}
{"level":"error","message":"Oct-04, 2021 - 2:59 am >> \"james\" already exists in the database"}
{"level":"error","message":"Oct-04, 2021 - 2:59 am >> \"james\" already exists in the database"}
{"level":"error","message":"Oct-04, 2021 - 3:00 am >> \"james\" already exists in the database"}
{"level":"error","message":"Oct-04, 2021 - 3:01 am >> \"james\" already exists in the database"}
{"level":"error","message":"Oct-04, 2021 - 3:01 am >> Missing Credentials"}
{"level":"error","message":"Oct-04, 2021 - 3:01 am >> Missing Credentials"}
{"level":"error","message":"Oct-04, 2021 - 3:02 am >> Incorrect username or password. Cannot login."}
{"level":"error","message":"Oct-04, 2021 - 3:02 am >> Incorrect username or password. Cannot login."}
{"level":"error","message":"Oct-04, 2021 - 3:03 am >> Incorrect username or password. Cannot login."}
{"level":"error","message":"Oct-04, 2021 - 3:04 am >> Incorrect username or password. Cannot login."}
{"level":"error","message":"Oct-04, 2021 - 3:04 am >> Incorrect username or password. Cannot login."}
{"level":"error","message":"Oct-04, 2021 - 3:04 am >> Incorrect username or password. Cannot login."}
{"level":"error","message":"Oct-04, 2021 - 3:04 am >> Incorrect username or password. Cannot login."}
{"level":"error","message":"Oct-04, 2021 - 3:04 am >> Incorrect username or password. Cannot login."}
{"level":"error","message":"Oct-04, 2021 - 6:26 am >> \"james\" already exists in the database"}
{"level":"error","message":"Oct-04, 2021 - 6:33 am >> \"tim\" already exists in the database"}
{"level":"error","message":"Oct-04, 2021 - 6:37 am >> \"james\" already exists in the database"}
{"level":"error","message":"Oct-04, 2021 - 6:38 am >> Missing Credentials"}
{"level":"error","message":"Oct-04, 2021 - 6:39 am >> Missing Credentials"}
{"level":"error","message":"Oct-04, 2021 - 6:40 am >> \"james\" already exists in the database"}
{"level":"error","message":"Oct-04, 2021 - 6:41 am >> Missing Credentials"}
{"level":"error","message":"Oct-04, 2021 - 6:53 am >> Cannot read property 'length' of undefined"}
{"level":"error","message":"Oct-04, 2021 - 6:54 am >> Incorrect username or password. Cannot login."}
{"level":"error","message":"Oct-04, 2021 - 6:55 am >> \"james\" already exists in the database"}
{"level":"info","message":"Oct-05, 2021 - 8:41 am >> Congratulations, the server is running!"}
{"level":"info","message":"Oct-05, 2021 - 8:41 am >> Congratulations, the server is running!"}
{"level":"error","message":"Oct-05, 2021 - 8:46 am >> Cannot read property 'from' of undefined"}
{"level":"error","message":"Oct-05, 2021 - 9:46 am >> select * from \"widget\" where \"w_uid\" = $1 limit $2 - invalid input syntax for type uuid: \"id=some\""}
{"level":"error","message":"Oct-05, 2021 - 9:46 am >> select * from \"widget\" where \"w_uid\" = $1 limit $2 - invalid input syntax for type uuid: \"id=some\""}
{"level":"error","message":"Oct-05, 2021 - 9:46 am >> select * from \"widget\" where \"w_uid\" = $1 limit $2 - invalid input syntax for type uuid: \"id=\""}
{"level":"error","message":"Oct-05, 2021 - 9:46 am >> select * from \"widget\" where \"w_uid\" = $1 limit $2 - invalid input syntax for type uuid: \"id=\""}
{"level":"error","message":"Oct-05, 2021 - 9:46 am >> select * from \"widget\" where \"w_uid\" = $1 limit $2 - invalid input syntax for type uuid: \"id\""}
{"level":"error","message":"Oct-05, 2021 - 9:46 am >> select * from \"widget\" where \"w_uid\" = $1 limit $2 - invalid input syntax for type uuid: \"id\""}
{"level":"error","message":"Oct-05, 2021 - 9:46 am >> select * from \"widget\" where \"w_uid\" = $1 limit $2 - invalid input syntax for type uuid: \"hello=d\""}
{"level":"error","message":"Oct-05, 2021 - 9:46 am >> select * from \"widget\" where \"w_uid\" = $1 limit $2 - invalid input syntax for type uuid: \"hello=d\""}
{"level":"error","message":"Oct-05, 2021 - 9:47 am >> select * from \"widget\" where \"w_uid\" = $1 limit $2 - invalid input syntax for type uuid: \"hi\""}
{"level":"error","message":"Oct-05, 2021 - 9:47 am >> select * from \"widget\" where \"w_uid\" = $1 limit $2 - invalid input syntax for type uuid: \"hi\""}
{"level":"error","message":"Oct-05, 2021 - 9:48 am >> select * from \"widget\" where \"w_uid\" = $1 limit $2 - invalid input syntax for type uuid: \"single\""}
{"level":"error","message":"Oct-05, 2021 - 9:48 am >> select * from \"widget\" where \"w_uid\" = $1 limit $2 - invalid input syntax for type uuid: \"single\""}
{"level":"error","message":"Oct-05, 2021 - 9:49 am >> select * from \"widget\" where \"w_uid\" = $1 limit $2 - invalid input syntax for type uuid: \"4df57ba2-83ae-456a-b5d4-a717cda4401\""}
{"level":"error","message":"Oct-05, 2021 - 9:49 am >> select * from \"widget\" where \"w_uid\" = $1 limit $2 - invalid input syntax for type uuid: \"4df57ba2-83ae-456a-b5d4-a717cda4401\""}
{"level":"error","message":"Oct-05, 2021 - 9:50 am >> select * from \"widget\" where \"w_uid\" = $1 limit $2 - invalid input syntax for type uuid: \"4df57ba2-83ae-456a-b5d4-a717cda4401w\""}
{"level":"error","message":"Oct-05, 2021 - 9:50 am >> select * from \"widget\" where \"w_uid\" = $1 limit $2 - invalid input syntax for type uuid: \"4df57ba2-83ae-456a-b5d4-a717cda4401w\""}
{"level":"error","message":"Oct-05, 2021 - 10:00 am >> select * from \"widget\" where \"w_uid\" = $1 limit $2 - invalid input syntax for type uuid: \"4df57ba2-83ae-456a-b5d4-a717cda4401\""}
{"level":"error","message":"Oct-05, 2021 - 10:00 am >> select * from \"widget\" where \"w_uid\" = $1 limit $2 - invalid input syntax for type uuid: \"4df57ba2-83ae-456a-b5d4-a717cda4401\""}
{"level":"error","message":"Oct-05, 2021 - 10:02 am >> select * from \"widget\" where \"w_uid\" = $1 limit $2 - invalid input syntax for type uuid: \"4df57ba2-83ae-456a-b5d4-a717cda4401\""}
{"level":"error","message":"Oct-05, 2021 - 10:02 am >> select * from \"widget\" where \"w_uid\" = $1 limit $2 - invalid input syntax for type uuid: \"4df57ba2-83ae-456a-b5d4-a717cda4401\""}
{"level":"error","message":"Oct-05, 2021 - 10:02 am >> select * from \"widget\" where \"w_uid\" = $1 limit $2 - invalid input syntax for type uuid: \"4df57ba2-83ae-456a-b5d4-a717cda4401\""}
{"level":"error","message":"Oct-05, 2021 - 10:02 am >> select * from \"widget\" where \"w_uid\" = $1 limit $2 - invalid input syntax for type uuid: \"4df57ba2-83ae-456a-b5d4-a717cda4401\""}
{"level":"error","message":"Oct-05, 2021 - 10:02 am >> select * from \"widget\" where \"w_uid\" = $1 limit $2 - invalid input syntax for type uuid: \"4df57ba2-83ae-456a-b5d4-a717cda4401\""}
{"level":"error","message":"Oct-05, 2021 - 10:02 am >> select * from \"widget\" where \"w_uid\" = $1 limit $2 - invalid input syntax for type uuid: \"4df57ba2-83ae-456a-b5d4-a717cda4401\""}
{"level":"error","message":"Oct-05, 2021 - 10:05 am >> select * from \"widget\" where \"w_uid\" = $1 limit $2 - invalid input syntax for type uuid: \"4df57ba2-83ae-456a-b5d4-a717cda4401\""}
{"level":"error","message":"Oct-05, 2021 - 10:05 am >> select * from \"widget\" where \"w_uid\" = $1 limit $2 - invalid input syntax for type uuid: \"4df57ba2-83ae-456a-b5d4-a717cda4401\""}
{"level":"error","message":"Oct-05, 2021 - 10:06 am >> select * from \"widget\" where \"w_uid\" = $1 limit $2 - invalid input syntax for type uuid: \"4df57ba2-83ae-456a-b5d4-a717cda4401\""}
{"level":"error","message":"Oct-05, 2021 - 10:06 am >> select * from \"widget\" where \"w_uid\" = $1 limit $2 - invalid input syntax for type uuid: \"4df57ba2-83ae-456a-b5d4-a717cda4401\""}
{"level":"error","message":"Oct-05, 2021 - 10:06 am >> select * from \"widget\" where \"w_uid\" = $1 limit $2 - invalid input syntax for type uuid: \"4df57ba2-83ae-456a-b5d4-a717cda4401\""}
{"level":"error","message":"Oct-05, 2021 - 10:06 am >> select * from \"widget\" where \"w_uid\" = $1 limit $2 - invalid input syntax for type uuid: \"4df57ba2-83ae-456a-b5d4-a717cda4401\""}
{"level":"error","message":"Oct-05, 2021 - 10:08 am >> Cannot read property 'hasOwnProperty' of undefined"}
{"level":"error","message":"Oct-05, 2021 - 10:08 am >> Cannot read property 'hasOwnProperty' of undefined"}
{"level":"error","message":"Oct-05, 2021 - 10:08 am >> Cannot read property 'hasOwnProperty' of undefined"}
{"level":"error","message":"Oct-05, 2021 - 10:08 am >> Cannot read property 'hasOwnProperty' of undefined"}
{"level":"error","message":"Missing foo in request body"}
{"level":"error","message":"Missing poop in request body"}
{"level":"error","message":"Oct-05, 2021 - 10:50 am >> Unexpected token } in JSON at position 138"}
{"level":"error","message":"Missing logo in request body"}
{"level":"error","message":"Missing fullname in request body"}
{"level":"error","message":"Missing fullname in request body"}
{"level":"error","message":"Missing fullname in request body"}
{"level":"error","message":"Missing username in request body"}
{"level":"error","message":"Oct-05, 2021 - 10:57 am >> title is not a function"}
{"level":"error","message":"Oct-05, 2021 - 10:59 am >> title is not a function"}
{"level":"error","message":"Oct-05, 2021 - 10:59 am >> title is not a function"}
{"level":"error","message":"Missing username in request body"}
{"level":"error","message":"Missing title in request body"}
{"level":"error","message":"Missing username in request body"}
{"level":"error","message":"Oct-05, 2021 - 11:14 am >> key is not defined"}
{"level":"error","message":"Oct-05, 2021 - 11:14 am >> key is not defined"}
{"level":"error","message":"Oct-05, 2021 - 11:43 am >> checkOb is not defined"}
{"level":"error","message":"Oct-05, 2021 - 11:43 am >> Object.key is not a function"}
{"level":"error","message":"Oct-05, 2021 - 11:56 am >> Converting circular structure to JSON\n    --> starting at object with constructor 'Client_PG'\n    |     property 'valueForUndefined' -> object with constructor 'Raw'\n    --- property 'client' closes the circle"}
{"level":"error","message":"Oct-05, 2021 - 12:06 pm >> Incorrect username or password. Cannot login."}
{"level":"info","message":"() => dayjs().format('MMM-DD, YYYY - h:mm a') >> widget with uid 42495796-2dc2-4d17-b9fb-9a7101fbef1b has been deleted from the database 1"}
{"level":"error","message":"Oct-05, 2021 - 1:14 pm >> select * from \"widget\" where \"user_ui\" = $1 order by \"w_created_at\" asc - column \"user_ui\" does not exist"}
{"level":"error","message":"Oct-05, 2021 - 1:19 pm >> Undefined binding(s) detected when compiling FIRST. Undefined column(s): [user_uid] query: select * from \"widget\" where \"user_uid\" = ? and \"w_uid\" = ? limit ?"}
{"level":"info","message":"() => dayjs().format('MMM-DD, YYYY - h:mm a') >> widget with uid d3aee8d1-b0ef-4966-9f63-1e00750843aa has been deleted from the database 0"}
{"level":"info","message":"() => dayjs().format('MMM-DD, YYYY - h:mm a') >> widget with uid d4d5336c-b20b-4ac4-a7b0-27c2fd2be863 has been deleted from the database 1"}
{"level":"info","message":"Oct-05, 2021 - 2:22 pm >> widget with uid d4d5336c-b20b-4ac4-a7b0-27c2fd2be863 has been deleted from the database 0"}
{"level":"info","message":"Oct-05, 2021 - 2:22 pm >> widget with uid d4d5336c-b20b-4ac4-a7b0-27c2fd2be863 has been deleted from the database 0"}
{"level":"info","message":"Oct-05, 2021 - 2:29 pm >> widget with uid a777964a-a7ae-443d-9bad-aaa0460c6e9a has been deleted from the database 0"}
{"level":"info","message":"Oct-05, 2021 - 2:30 pm >> widget with uid a777964a-a7ae-443d-9bad-aaa0460c6e9a has been deleted from the database 1"}
{"level":"info","message":"Oct-05, 2021 - 2:33 pm >> widget with uid a777964a-a7ae-443d-9bad-aaa0460c6e9a has been deleted from the database 0"}
{"level":"info","message":"Oct-05, 2021 - 2:34 pm >> widget with uid a777964a-a7ae-443d-9bad-aaa0460c6e9a has been deleted from the database 0"}
{"level":"error","message":"Oct-05, 2021 - 5:23 pm >> select * from \"person\" where \"username\" = $1 limit $2 - relation \"person\" does not exist"}
{"level":"error","message":"Oct-05, 2021 - 5:38 pm >> select * from \"person\" where \"username\" = $1 limit $2 - relation \"person\" does not exist"}
{"level":"error","message":"Oct-05, 2021 - 5:40 pm >> select * from \"person\" where \"username\" = $1 limit $2 - relation \"person\" does not exist"}
{"level":"error","message":"Oct-05, 2021 - 5:40 pm >> select * from \"person\" where \"username\" = $1 limit $2 - relation \"person\" does not exist"}
{"level":"error","message":"Oct-05, 2021 - 5:41 pm >> Incorrect username or password. Cannot login."}
{"level":"error","message":"Oct-05, 2021 - 5:42 pm >> \"james\" already exists in the database"}
{"level":"error","message":"Oct-05, 2021 - 5:44 pm >> Incorrect username or password. Cannot login."}
{"level":"error","message":"Oct-05, 2021 - 5:47 pm >> Cannot read property 'user_uid' of undefined"}
{"level":"error","message":"Oct-05, 2021 - 5:48 pm >> Cannot read property 'user_uid' of undefined"}
{"level":"error","message":"Oct-05, 2021 - 6:21 pm >> select * from \"widget\" where \"user_uid\" = $1 and \"w_uid\" = $2 limit $3 - invalid input syntax for type uuid: \"9d02f7c3-baa1-444d-95e6-c05e17d4c6d2\n\""}
{"level":"error","message":"Oct-05, 2021 - 6:30 pm >> widget 9d02f7c3-baa1-444d-95e6-c05e17d4c6d2 does not exist for this user"}
{"level":"error","message":"Oct-05, 2021 - 6:32 pm >> widget 9d02f7c3-baa1-444d-95e6-c05e17d4c6d2 does not exist for this user"}
{"level":"error","message":"Oct-05, 2021 - 6:56 pm >> widget 9d02f7c3-baa1-444d-95e6-c05e17d4c6d2 does not exist for this user"}
{"level":"error","message":"Oct-05, 2021 - 6:56 pm >> widget is not defined"}
{"level":"error","message":"Oct-05, 2021 - 7:06 pm >> id is not defined"}
{"level":"info","message":"Oct-05, 2021 - 7:08 pm >> widget #b5c81cd6-5f9e-4ea3-bc43-b3680d7744f0 has been deleted from the database"}
{"level":"error","message":"Oct-05, 2021 - 8:18 pm >> widget b5c81cd6-5f9e-4ea3-bc43-b3680d7744f0 does not exist for this user"}
{"level":"error","message":"Oct-05, 2021 - 8:37 pm >> widget b5c81cd6-5f9e-4ea3-bc43-b3680d7744f0 does not exist for this user"}
{"level":"error","message":"nothing has changed, patch not needed"}
{"level":"error","message":"nothing has changed, patch not needed"}
{"level":"error","message":"Oct-05, 2021 - 9:39 pm >> Incorrect username or password. Cannot login."}
{"level":"error","message":"Oct-05, 2021 - 9:40 pm >> widget f49be069-87d1-4a66-8f91-fa81d7ccd2d3 does not exist for this user"}
{"level":"error","message":"Oct-05, 2021 - 9:40 pm >> widget f49be069-87d1-4a66-8f91-fa81d7ccd2d3 does not exist for this user"}
{"level":"error","message":"Oct-05, 2021 - 9:41 pm >> widget f49be069-87d1-4a66-8f91-fa81d7ccd2d3 does not exist for this user"}
{"level":"error","message":"Oct-06, 2021 - 3:37 am >> Incorrect username or password. Cannot login."}
{"level":"error","message":"Oct-06, 2021 - 4:22 pm >> Incorrect username or password. Cannot login."}
{"level":"error","message":"Oct-06, 2021 - 4:22 pm >> Incorrect username or password. Cannot login."}
{"level":"info","message":"Oct-06, 2021 - 7:25 pm >> widget #791be208-67d8-4c29-a398-f2b71ae20630 has been deleted from the database"}
{"level":"info","message":"Oct-06, 2021 - 7:25 pm >> widget #ab9604cf-67bf-4e63-bd26-99627e06886d has been deleted from the database"}
{"level":"info","message":"Oct-06, 2021 - 7:25 pm >> widget #77311a9d-be1d-41c7-b58f-ad50efec42dc has been deleted from the database"}
{"level":"info","message":"Oct-06, 2021 - 7:27 pm >> widget #2c7c2886-2e87-43c2-a588-7540ada2bbeb has been deleted from the database"}
{"level":"info","message":"Oct-06, 2021 - 7:33 pm >> widget #022e016f-2ac5-4208-a0ad-390b97bea1a9 has been deleted from the database"}
{"level":"info","message":"Oct-06, 2021 - 7:33 pm >> widget #168a363f-3cb5-4a12-9edb-8f08fdaadb9f has been deleted from the database"}
{"level":"info","message":"Oct-06, 2021 - 7:33 pm >> widget #f49be069-87d1-4a66-8f91-fa81d7ccd2d3 has been deleted from the database"}
{"level":"error","message":"nothing has changed, patch not needed"}
{"level":"error","message":"nothing has changed, patch not needed"}
{"level":"info","message":"Oct-06, 2021 - 9:58 pm >> widget #8d90c33b-bba8-469c-a782-82442130efb1 has been deleted from the database"}
{"level":"info","message":"Oct-06, 2021 - 11:08 pm >> widget #b2ae639d-850e-4d15-8c59-97523d15b873 has been deleted from the database"}
{"level":"info","message":"Oct-07, 2021 - 12:33 am >> widget #35060099-0ea3-4590-b16b-91d291854f3b has been deleted from the database"}
{"level":"info","message":"Oct-07, 2021 - 12:33 am >> widget #fb5a3c8a-b3d6-4b4f-965e-7343111d83fa has been deleted from the database"}
{"level":"info","message":"Oct-07, 2021 - 1:35 am >> widget #b4e8a2a9-eb07-4c92-b380-484fc9a6d9dd has been deleted from the database"}
{"level":"error","message":"Oct-07, 2021 - 1:49 am >> update \"widget\" set \"w_title\" = $1, \"w_email\" = $2, \"w_username\" = $3, \"w_pswd\" = $4, \"w_fullname\" = $5, \"w_logo\" = $6, \"w_color\" = $7, \"w_other\" = $8, \"user_uid\" = $9 where \"w_uid\" = $10 returning * - value too long for type character varying(15)"}
{"level":"error","message":"Oct-07, 2021 - 1:55 am >> Incorrect username or password. Cannot login."}
{"level":"error","message":"Oct-07, 2021 - 2:01 am >> select * from \"person\" where \"username\" = $1 limit $2 - relation \"person\" does not exist"}
{"level":"error","message":"nothing has changed, patch not needed"}
{"level":"info","message":"Oct-07, 2021 - 1:22 pm >> widget #3326a796-cb2c-4baf-95c6-68fbf7d29f00 has been deleted from the database"}
{"level":"info","message":"Oct-07, 2021 - 5:29 pm >> widget #6eea76a9-c85f-4c65-9c5b-c6013c0c3f44 has been deleted from the database"}
